Script started at Tue Feb 10 07:12:30 AST 2026
Summaries will be saved to overview.txt
Processing Abstraction as Reduction - colophon.txt
Temporary directory created: /mnt/c/Users/nateg/OneDrive/Documentos/GitHub/audio-explorer/tmp_AbstractionasReduction-colophon.txt_XFqcHL
File split into chunks: /mnt/c/Users/nateg/OneDrive/Documentos/GitHub/audio-explorer/tmp_AbstractionasReduction-colophon.txt_XFqcHL/chunk_aa
Temporary directory /mnt/c/Users/nateg/OneDrive/Documentos/GitHub/audio-explorer/tmp_AbstractionasReduction-colophon.txt_XFqcHL removed
Abstraction as Reduction - colophon.txt
Processing Abstraction as Reduction.txt
Temporary directory created: /mnt/c/Users/nateg/OneDrive/Documentos/GitHub/audio-explorer/tmp_AbstractionasReduction.txt_Iqso6z
File split into chunks: /mnt/c/Users/nateg/OneDrive/Documentos/GitHub/audio-explorer/tmp_AbstractionasReduction.txt_Iqso6z/chunk_aa
/mnt/c/Users/nateg/OneDrive/Documentos/GitHub/audio-explorer/tmp_AbstractionasReduction.txt_Iqso6z/chunk_ab
/mnt/c/Users/nateg/OneDrive/Documentos/GitHub/audio-explorer/tmp_AbstractionasReduction.txt_Iqso6z/chunk_ac
Temporary directory /mnt/c/Users/nateg/OneDrive/Documentos/GitHub/audio-explorer/tmp_AbstractionasReduction.txt_Iqso6z removed
Abstraction as Reduction.txt
Processing Abstraction_Is_Just_Energy_Minimization.txt
Temporary directory created: /mnt/c/Users/nateg/OneDrive/Documentos/GitHub/audio-explorer/tmp_Abstraction_Is_Just_Energy_Minimization.txt_3LzAoY
File split into chunks: /mnt/c/Users/nateg/OneDrive/Documentos/GitHub/audio-explorer/tmp_Abstraction_Is_Just_Energy_Minimization.txt_3LzAoY/chunk_aa
Temporary directory /mnt/c/Users/nateg/OneDrive/Documentos/GitHub/audio-explorer/tmp_Abstraction_Is_Just_Energy_Minimization.txt_3LzAoY removed
Abstraction_Is_Just_Energy_Minimization.txt
Processing Artificial Coordination.txt
Temporary directory created: /mnt/c/Users/nateg/OneDrive/Documentos/GitHub/audio-explorer/tmp_ArtificialCoordination.txt_u0krik
File split into chunks: /mnt/c/Users/nateg/OneDrive/Documentos/GitHub/audio-explorer/tmp_ArtificialCoordination.txt_u0krik/chunk_aa
Temporary directory /mnt/c/Users/nateg/OneDrive/Documentos/GitHub/audio-explorer/tmp_ArtificialCoordination.txt_u0krik removed
Artificial Coordination.txt
Processing Collective Intelligence Under Constraint.txt
Temporary directory created: /mnt/c/Users/nateg/OneDrive/Documentos/GitHub/audio-explorer/tmp_CollectiveIntelligenceUnderConstraint.txt_wGZ3N7
File split into chunks: /mnt/c/Users/nateg/OneDrive/Documentos/GitHub/audio-explorer/tmp_CollectiveIntelligenceUnderConstraint.txt_wGZ3N7/chunk_aa
Temporary directory /mnt/c/Users/nateg/OneDrive/Documentos/GitHub/audio-explorer/tmp_CollectiveIntelligenceUnderConstraint.txt_wGZ3N7 removed
Collective Intelligence Under Constraint.txt
Processing Ephemeral Feeds.txt
Temporary directory created: /mnt/c/Users/nateg/OneDrive/Documentos/GitHub/audio-explorer/tmp_EphemeralFeeds.txt_jsD9D4
File split into chunks: /mnt/c/Users/nateg/OneDrive/Documentos/GitHub/audio-explorer/tmp_EphemeralFeeds.txt_jsD9D4/chunk_aa
Temporary directory /mnt/c/Users/nateg/OneDrive/Documentos/GitHub/audio-explorer/tmp_EphemeralFeeds.txt_jsD9D4 removed
Ephemeral Feeds.txt
Processing Exaptation Under Delayed Evaluation.txt
Temporary directory created: /mnt/c/Users/nateg/OneDrive/Documentos/GitHub/audio-explorer/tmp_ExaptationUnderDelayedEvaluation.txt_3gQhlh
File split into chunks: /mnt/c/Users/nateg/OneDrive/Documentos/GitHub/audio-explorer/tmp_ExaptationUnderDelayedEvaluation.txt_3gQhlh/chunk_aa
Temporary directory /mnt/c/Users/nateg/OneDrive/Documentos/GitHub/audio-explorer/tmp_ExaptationUnderDelayedEvaluation.txt_3gQhlh removed
Exaptation Under Delayed Evaluation.txt
Processing Flower Wars - Bounded Violence.txt
Temporary directory created: /mnt/c/Users/nateg/OneDrive/Documentos/GitHub/audio-explorer/tmp_FlowerWars-BoundedViolence.txt_EbP3J8
File split into chunks: /mnt/c/Users/nateg/OneDrive/Documentos/GitHub/audio-explorer/tmp_FlowerWars-BoundedViolence.txt_EbP3J8/chunk_aa
Temporary directory /mnt/c/Users/nateg/OneDrive/Documentos/GitHub/audio-explorer/tmp_FlowerWars-BoundedViolence.txt_EbP3J8 removed
Flower Wars - Bounded Violence.txt
Processing Flower Wars - Compendium.txt
Temporary directory created: /mnt/c/Users/nateg/OneDrive/Documentos/GitHub/audio-explorer/tmp_FlowerWars-Compendium.txt_xCUM7C
File split into chunks: /mnt/c/Users/nateg/OneDrive/Documentos/GitHub/audio-explorer/tmp_FlowerWars-Compendium.txt_xCUM7C/chunk_aa
Temporary directory /mnt/c/Users/nateg/OneDrive/Documentos/GitHub/audio-explorer/tmp_FlowerWars-Compendium.txt_xCUM7C removed
Flower Wars - Compendium.txt
Processing Flower Wars.txt
Temporary directory created: /mnt/c/Users/nateg/OneDrive/Documentos/GitHub/audio-explorer/tmp_FlowerWars.txt_0nShRS
File split into chunks: /mnt/c/Users/nateg/OneDrive/Documentos/GitHub/audio-explorer/tmp_FlowerWars.txt_0nShRS/chunk_aa
/mnt/c/Users/nateg/OneDrive/Documentos/GitHub/audio-explorer/tmp_FlowerWars.txt_0nShRS/chunk_ab
Temporary directory /mnt/c/Users/nateg/OneDrive/Documentos/GitHub/audio-explorer/tmp_FlowerWars.txt_0nShRS removed
Flower Wars.txt
Processing From Minerals to Minds.txt
Temporary directory created: /mnt/c/Users/nateg/OneDrive/Documentos/GitHub/audio-explorer/tmp_FromMineralstoMinds.txt_nVBPoc
File split into chunks: /mnt/c/Users/nateg/OneDrive/Documentos/GitHub/audio-explorer/tmp_FromMineralstoMinds.txt_nVBPoc/chunk_aa
Temporary directory /mnt/c/Users/nateg/OneDrive/Documentos/GitHub/audio-explorer/tmp_FromMineralstoMinds.txt_nVBPoc removed
From Minerals to Minds.txt
Processing La_ilusión_del_pensamiento_dual.txt
Temporary directory created: /mnt/c/Users/nateg/OneDrive/Documentos/GitHub/audio-explorer/tmp_La_ilusión_del_pensamiento_dual.txt_e4D2ch
File split into chunks: /mnt/c/Users/nateg/OneDrive/Documentos/GitHub/audio-explorer/tmp_La_ilusión_del_pensamiento_dual.txt_e4D2ch/chunk_aa
Temporary directory /mnt/c/Users/nateg/OneDrive/Documentos/GitHub/audio-explorer/tmp_La_ilusión_del_pensamiento_dual.txt_e4D2ch removed
La_ilusión_del_pensamiento_dual.txt
Processing La_ingeniería_de_la_violencia_mexica.txt
Temporary directory created: /mnt/c/Users/nateg/OneDrive/Documentos/GitHub/audio-explorer/tmp_La_ingeniería_de_la_violencia_mexica.txt_CGtZPf
File split into chunks: /mnt/c/Users/nateg/OneDrive/Documentos/GitHub/audio-explorer/tmp_La_ingeniería_de_la_violencia_mexica.txt_CGtZPf/chunk_aa
Temporary directory /mnt/c/Users/nateg/OneDrive/Documentos/GitHub/audio-explorer/tmp_La_ingeniería_de_la_violencia_mexica.txt_CGtZPf removed
La_ingeniería_de_la_violencia_mexica.txt
Processing Local Tractability and Global Dysfunction.txt
Temporary directory created: /mnt/c/Users/nateg/OneDrive/Documentos/GitHub/audio-explorer/tmp_LocalTractabilityandGlobalDysfunction.txt_klyLeP
File split into chunks: /mnt/c/Users/nateg/OneDrive/Documentos/GitHub/audio-explorer/tmp_LocalTractabilityandGlobalDysfunction.txt_klyLeP/chunk_aa
/mnt/c/Users/nateg/OneDrive/Documentos/GitHub/audio-explorer/tmp_LocalTractabilityandGlobalDysfunction.txt_klyLeP/chunk_ab
Temporary directory /mnt/c/Users/nateg/OneDrive/Documentos/GitHub/audio-explorer/tmp_LocalTractabilityandGlobalDysfunction.txt_klyLeP removed
Local Tractability and Global Dysfunction.txt
Processing Noun-Free Cognition.txt
Temporary directory created: /mnt/c/Users/nateg/OneDrive/Documentos/GitHub/audio-explorer/tmp_Noun-FreeCognition.txt_WAcDQ0
File split into chunks: /mnt/c/Users/nateg/OneDrive/Documentos/GitHub/audio-explorer/tmp_Noun-FreeCognition.txt_WAcDQ0/chunk_aa
Temporary directory /mnt/c/Users/nateg/OneDrive/Documentos/GitHub/audio-explorer/tmp_Noun-FreeCognition.txt_WAcDQ0 removed
Noun-Free Cognition.txt
Processing Nuestra_vara_de_la_dificultad_está_chueca.txt
Temporary directory created: /mnt/c/Users/nateg/OneDrive/Documentos/GitHub/audio-explorer/tmp_Nuestra_vara_de_la_dificultad_está_chueca.txt_V094aZ
File split into chunks: /mnt/c/Users/nateg/OneDrive/Documentos/GitHub/audio-explorer/tmp_Nuestra_vara_de_la_dificultad_está_chueca.txt_V094aZ/chunk_aa
Temporary directory /mnt/c/Users/nateg/OneDrive/Documentos/GitHub/audio-explorer/tmp_Nuestra_vara_de_la_dificultad_está_chueca.txt_V094aZ removed
Nuestra_vara_de_la_dificultad_está_chueca.txt
Processing Personal Superintelligence.txt
Temporary directory created: /mnt/c/Users/nateg/OneDrive/Documentos/GitHub/audio-explorer/tmp_PersonalSuperintelligence.txt_PkWLnr
File split into chunks: /mnt/c/Users/nateg/OneDrive/Documentos/GitHub/audio-explorer/tmp_PersonalSuperintelligence.txt_PkWLnr/chunk_aa
/mnt/c/Users/nateg/OneDrive/Documentos/GitHub/audio-explorer/tmp_PersonalSuperintelligence.txt_PkWLnr/chunk_ab
Temporary directory /mnt/c/Users/nateg/OneDrive/Documentos/GitHub/audio-explorer/tmp_PersonalSuperintelligence.txt_PkWLnr removed
Personal Superintelligence.txt
Processing Physics After Spacetime.txt
Temporary directory created: /mnt/c/Users/nateg/OneDrive/Documentos/GitHub/audio-explorer/tmp_PhysicsAfterSpacetime.txt_Wfyqi6
File split into chunks: /mnt/c/Users/nateg/OneDrive/Documentos/GitHub/audio-explorer/tmp_PhysicsAfterSpacetime.txt_Wfyqi6/chunk_aa
Temporary directory /mnt/c/Users/nateg/OneDrive/Documentos/GitHub/audio-explorer/tmp_PhysicsAfterSpacetime.txt_Wfyqi6 removed
Physics After Spacetime.txt
Processing Simulation as Civic Infrastructure.txt
Temporary directory created: /mnt/c/Users/nateg/OneDrive/Documentos/GitHub/audio-explorer/tmp_SimulationasCivicInfrastructure.txt_ZgnyDb
File split into chunks: /mnt/c/Users/nateg/OneDrive/Documentos/GitHub/audio-explorer/tmp_SimulationasCivicInfrastructure.txt_ZgnyDb/chunk_aa
Temporary directory /mnt/c/Users/nateg/OneDrive/Documentos/GitHub/audio-explorer/tmp_SimulationasCivicInfrastructure.txt_ZgnyDb removed
Simulation as Civic Infrastructure.txt
Processing The Ergonomics of Prediction.txt
Temporary directory created: /mnt/c/Users/nateg/OneDrive/Documentos/GitHub/audio-explorer/tmp_TheErgonomicsofPrediction.txt_uQgxjz
File split into chunks: /mnt/c/Users/nateg/OneDrive/Documentos/GitHub/audio-explorer/tmp_TheErgonomicsofPrediction.txt_uQgxjz/chunk_aa
